<?xml version="1.0" encoding="UTF-8"?>
<!-- Generated by org.testng.reporters.JUnitXMLReporter -->
<testsuite hostname="ATMECSINLT-601" ignored="1" name="ChromeTest" tests="6" failures="0" timestamp="2020-12-14T18:51:26 IST" time="127.502" errors="0">
  <testcase name="cruiseTest" time="3.994" classname="com.atmecs.yatra.testscript.YatraCruiseTest"/>
  <testcase name="cruiseTest" time="4.175" classname="com.atmecs.yatra.testscript.YatraCruiseTest"/>
  <testcase name="cruiseTest" time="6.446" classname="com.atmecs.yatra.testscript.YatraCruiseTest"/>
  <testcase name="cruiseTest" time="4.33" classname="com.atmecs.yatra.testscript.YatraCruiseTest"/>
  <testcase name="cruiseTest" time="5.058" classname="com.atmecs.yatra.testscript.YatraCruiseTest"/>
  <testcase name="yatraMonuments" time="1.099" classname="com.atmecs.yatra.testscript.YatraMonumentsTest"/>
  <testcase name="@BeforeTest initBrowser" time="0.0" classname="com.atmecs.yatra.page.BasePage">
    <ignored/>
  </testcase> <!-- @BeforeTest initBrowser -->
</testsuite> <!-- ChromeTest -->
