<?xml version="1.0" encoding="UTF-8"?>
<!-- Generated by org.testng.reporters.JUnitXMLReporter -->
<testsuite hostname="ATMECSINLT-601" ignored="1" name="FirefoxTest" tests="6" failures="1" timestamp="2020-12-14T18:51:48 IST" time="149.51" errors="0">
  <testcase name="cruiseTest" time="6.552" classname="com.atmecs.yatra.testscript.YatraCruiseTest"/>
  <testcase name="cruiseTest" time="7.313" classname="com.atmecs.yatra.testscript.YatraCruiseTest"/>
  <testcase name="cruiseTest" time="6.712" classname="com.atmecs.yatra.testscript.YatraCruiseTest"/>
  <testcase name="cruiseTest" time="8.75" classname="com.atmecs.yatra.testscript.YatraCruiseTest"/>
  <testcase name="cruiseTest" time="8.259" classname="com.atmecs.yatra.testscript.YatraCruiseTest"/>
  <testcase name="yatraMonuments" time="0.534" classname="com.atmecs.yatra.testscript.YatraMonumentsTest">
    <failure type="org.openqa.selenium.ElementNotInteractableException" message="Element &amp;lt;a id=&amp;quot;booking_engine_monument&amp;quot; class=&amp;quot;relative&amp;quot; href=&amp;quot;javascript:void(0);&amp;quot;&amp;gt; could not be scrolled into view
Build info: version: &amp;apos;3.141.59&amp;apos;, revision: &amp;apos;e82be7d358&amp;apos;, time: &amp;apos;2018-11-14T08:17:03&amp;apos;
System info: host: &amp;apos;ATMECSINLT-601&amp;apos;, ip: &amp;apos;192.168.163.1&amp;apos;, os.name: &amp;apos;Windows 10&amp;apos;, os.arch: &amp;apos;amd64&amp;apos;, os.version: &amp;apos;10.0&amp;apos;, java.version: &amp;apos;1.8.0_271&amp;apos;
Driver info: org.openqa.selenium.firefox.FirefoxDriver
Capabilities {acceptInsecureCerts: true, browserName: firefox, browserVersion: 83.0, javascriptEnabled: true, moz:accessibilityChecks: false, moz:buildID: 20201112153044, moz:geckodriverVersion: 0.28.0, moz:headless: false, moz:processID: 26100, moz:profile: C:\Users\alfin.anthonyraj\A..., moz:shutdownTimeout: 60000, moz:useNonSpecCompliantPointerOrigin: false, moz:webdriverClick: true, pageLoadStrategy: normal, platform: WINDOWS, platformName: WINDOWS, platformVersion: 10.0, rotatable: false, setWindowRect: true, strictFileInteractability: false, timeouts: {implicit: 0, pageLoad: 300000, script: 30000}, unhandledPromptBehavior: dismiss and notify}
Session ID: 3869415f-bc60-4205-9e01-dde23abd9b59">
      <![CDATA[org.openqa.selenium.ElementNotInteractableException: Element <a id="booking_engine_monument" class="relative" href="javascript:void(0);"> could not be scrolled into view
Build info: version: '3.141.59', revision: 'e82be7d358', time: '2018-11-14T08:17:03'
System info: host: 'ATMECSINLT-601', ip: '192.168.163.1', os.name: 'Windows 10', os.arch: 'amd64', os.version: '10.0', java.version: '1.8.0_271'
Driver info: org.openqa.selenium.firefox.FirefoxDriver
Capabilities {acceptInsecureCerts: true, browserName: firefox, browserVersion: 83.0, javascriptEnabled: true, moz:accessibilityChecks: false, moz:buildID: 20201112153044, moz:geckodriverVersion: 0.28.0, moz:headless: false, moz:processID: 26100, moz:profile: C:\Users\alfin.anthonyraj\A..., moz:shutdownTimeout: 60000, moz:useNonSpecCompliantPointerOrigin: false, moz:webdriverClick: true, pageLoadStrategy: normal, platform: WINDOWS, platformName: WINDOWS, platformVersion: 10.0, rotatable: false, setWindowRect: true, strictFileInteractability: false, timeouts: {implicit: 0, pageLoad: 300000, script: 30000}, unhandledPromptBehavior: dismiss and notify}
Session ID: 3869415f-bc60-4205-9e01-dde23abd9b59
at org.openqa.selenium.remote.http.W3CHttpResponseCodec.createException(W3CHttpResponseCodec.java:187)
at org.openqa.selenium.remote.http.W3CHttpResponseCodec.decode(W3CHttpResponseCodec.java:122)
at org.openqa.selenium.remote.http.W3CHttpResponseCodec.decode(W3CHttpResponseCodec.java:49)
at org.openqa.selenium.remote.HttpCommandExecutor.execute(HttpCommandExecutor.java:158)
at org.openqa.selenium.remote.service.DriverCommandExecutor.execute(DriverCommandExecutor.java:83)
at org.openqa.selenium.remote.RemoteWebDriver.execute(RemoteWebDriver.java:552)
at org.openqa.selenium.remote.RemoteWebElement.execute(RemoteWebElement.java:285)
at org.openqa.selenium.remote.RemoteWebElement.click(RemoteWebElement.java:84)
at com.atmecs.yatra.methods.YatraMonumentsMethods.clickMonumentTab(YatraMonumentsMethods.java:26)
at com.atmecs.yatra.page.YatraMonumentsPage.monumentsPage(YatraMonumentsPage.java:40)
at com.atmecs.yatra.testscript.YatraMonumentsTest.yatraMonuments(YatraMonumentsTest.java:15)
at java.util.ArrayList.forEach(ArrayList.java:1259)
at java.util.concurrent.FutureTask.run(FutureTask.java:266)
at java.util.concurrent.ThreadPoolExecutor.runWorker(ThreadPoolExecutor.java:1149)
at java.util.concurrent.ThreadPoolExecutor$Worker.run(ThreadPoolExecutor.java:624)
at java.lang.Thread.run(Thread.java:748)
... Removed 22 stack frames]]>
    </failure>
  </testcase> <!-- yatraMonuments -->
  <testcase name="@BeforeTest initBrowser" time="0.0" classname="com.atmecs.yatra.page.BasePage">
    <ignored/>
  </testcase> <!-- @BeforeTest initBrowser -->
</testsuite> <!-- FirefoxTest -->
