<?xml version="1.0" encoding="UTF-8"?>
<testng-results ignored="2" total="4" passed="1" failed="1" skipped="0">
  <reporter-output>
  </reporter-output>
  <suite started-at="2020-12-18T13:07:23 IST" name="Suite" finished-at="2020-12-18T13:08:24 IST" duration-ms="60281">
    <groups>
    </groups>
    <test started-at="2020-12-18T13:07:23 IST" name="ChromeTest" finished-at="2020-12-18T13:08:24 IST" duration-ms="60281">
      <class name="com.atmecs.yatra.testscript.YatraCruiseTest">
        <test-method is-config="true" signature="initBrowser()[pri:0, instance:com.atmecs.yatra.testscript.YatraCruiseTest@19d37183]" started-at="2020-12-18T13:07:23 IST" name="initBrowser" finished-at="2020-12-18T13:07:23 IST" duration-ms="125" status="PASS">
          <reporter-output>
          </reporter-output>
        </test-method> <!-- initBrowser -->
        <test-method is-config="true" signature="beforeMethod(java.lang.String)[pri:0, instance:com.atmecs.yatra.testscript.YatraCruiseTest@19d37183]" started-at="2020-12-18T13:07:23 IST" name="beforeMethod" finished-at="2020-12-18T13:07:33 IST" duration-ms="9682" status="PASS">
          <params>
            <param index="0">
              <value>
                <![CDATA[chrome]]>
              </value>
            </param>
          </params>
          <reporter-output>
          </reporter-output>
        </test-method> <!-- beforeMethod -->
        <test-method signature="cruiseTest()[pri:0, instance:com.atmecs.yatra.testscript.YatraCruiseTest@19d37183]" started-at="2020-12-18T13:07:33 IST" name="cruiseTest" finished-at="2020-12-18T13:08:14 IST" duration-ms="40378" status="PASS">
          <reporter-output>
          </reporter-output>
        </test-method> <!-- cruiseTest -->
        <test-method is-config="true" signature="afterMethod()[pri:0, instance:com.atmecs.yatra.testscript.YatraCruiseTest@19d37183]" started-at="2020-12-18T13:08:14 IST" name="afterMethod" finished-at="2020-12-18T13:08:14 IST" duration-ms="209" status="PASS">
          <reporter-output>
          </reporter-output>
        </test-method> <!-- afterMethod -->
        <test-method is-config="true" signature="closeReport()[pri:0, instance:com.atmecs.yatra.testscript.YatraCruiseTest@19d37183]" started-at="2020-12-18T13:08:23 IST" name="closeReport" finished-at="2020-12-18T13:08:24 IST" duration-ms="401" status="PASS">
          <reporter-output>
          </reporter-output>
        </test-method> <!-- closeReport -->
      </class> <!-- com.atmecs.yatra.testscript.YatraCruiseTest -->
      <class name="com.atmecs.yatra.testscript.YatraMonumentsTest">
        <test-method is-config="true" signature="beforeMethod(java.lang.String)[pri:0, instance:com.atmecs.yatra.testscript.YatraMonumentsTest@1a0dcaa]" started-at="2020-12-18T13:08:14 IST" name="beforeMethod" finished-at="2020-12-18T13:08:22 IST" duration-ms="8455" status="PASS">
          <params>
            <param index="0">
              <value>
                <![CDATA[chrome]]>
              </value>
            </param>
          </params>
          <reporter-output>
          </reporter-output>
        </test-method> <!-- beforeMethod -->
        <test-method signature="monumentsTest()[pri:0, instance:com.atmecs.yatra.testscript.YatraMonumentsTest@1a0dcaa]" started-at="2020-12-18T13:08:22 IST" name="monumentsTest" finished-at="2020-12-18T13:08:22 IST" duration-ms="0" status="FAIL">
          <exception class="java.lang.NullPointerException">
            <full-stacktrace>
              <![CDATA[java.lang.NullPointerException
at com.atmecs.yatra.testscript.YatraMonumentsTest.monumentsTest(YatraMonumentsTest.java:23)
at java.base/jdk.internal.reflect.NativeMethodAccessorImpl.invoke0(Native Method)
at java.base/jdk.internal.reflect.NativeMethodAccessorImpl.invoke(NativeMethodAccessorImpl.java:62)
at java.base/jdk.internal.reflect.DelegatingMethodAccessorImpl.invoke(DelegatingMethodAccessorImpl.java:43)
at java.base/java.lang.reflect.Method.invoke(Method.java:564)
at org.testng.internal.MethodInvocationHelper.invokeMethod(MethodInvocationHelper.java:132)
at org.testng.internal.TestInvoker.invokeMethod(TestInvoker.java:599)
at org.testng.internal.TestInvoker.invokeTestMethod(TestInvoker.java:174)
at org.testng.internal.MethodRunner.runInSequence(MethodRunner.java:46)
at org.testng.internal.TestInvoker$MethodInvocationAgent.invoke(TestInvoker.java:822)
at org.testng.internal.TestInvoker.invokeTestMethods(TestInvoker.java:147)
at org.testng.internal.TestMethodWorker.invokeTestMethods(TestMethodWorker.java:146)
at org.testng.internal.TestMethodWorker.run(TestMethodWorker.java:128)
at java.base/java.util.ArrayList.forEach(ArrayList.java:1510)
at org.testng.TestRunner.privateRun(TestRunner.java:764)
at org.testng.TestRunner.run(TestRunner.java:585)
at org.testng.SuiteRunner.runTest(SuiteRunner.java:384)
at org.testng.SuiteRunner.access$000(SuiteRunner.java:28)
at org.testng.SuiteRunner$SuiteWorker.run(SuiteRunner.java:425)
at org.testng.internal.thread.ThreadUtil.lambda$execute$0(ThreadUtil.java:66)
at java.base/java.util.concurrent.FutureTask.run(FutureTask.java:264)
at java.base/java.util.concurrent.ThreadPoolExecutor.runWorker(ThreadPoolExecutor.java:1130)
at java.base/java.util.concurrent.ThreadPoolExecutor$Worker.run(ThreadPoolExecutor.java:630)
at java.base/java.lang.Thread.run(Thread.java:832)
]]>
            </full-stacktrace>
          </exception> <!-- java.lang.NullPointerException -->
          <reporter-output>
          </reporter-output>
        </test-method> <!-- monumentsTest -->
        <test-method is-config="true" signature="afterMethod()[pri:0, instance:com.atmecs.yatra.testscript.YatraMonumentsTest@1a0dcaa]" started-at="2020-12-18T13:08:23 IST" name="afterMethod" finished-at="2020-12-18T13:08:23 IST" duration-ms="480" status="PASS">
          <reporter-output>
          </reporter-output>
        </test-method> <!-- afterMethod -->
      </class> <!-- com.atmecs.yatra.testscript.YatraMonumentsTest -->
    </test> <!-- ChromeTest -->
  </suite> <!-- Suite -->
</testng-results>
