<?xml version="1.0" encoding="UTF-8"?>
<testsuite xmlns:xsi="http://www.w3.org/2001/XMLSchema-instance" xsi:noNamespaceSchemaLocation="https://maven.apache.org/surefire/maven-surefire-plugin/xsd/surefire-test-report-3.0.xsd" version="3.0" name="TestSuite" time="151.655" tests="12" errors="0" skipped="0" failures="1">
  <properties>
[...]
</properties>
  <testcase name="cruiseTest[Australia, 03-Jan-2021, 7 To 9 night(s), Carnival Cruise Lines](1)" classname="com.atmecs.yatra.testscript.YatraCruiseTest" time="4.036">
    <system-out><![CDATA[https://www.yatra.com/
https://www.yatra.com/
cruiseTest Strated!!
Clicking the + More option
Clicking the cruise menu
cruiseTest Strated!!
Clicking the + More option
Clicking the cruise menu
Entering destination
Entering destination
Entering depature date
Entering day_duration
Entering cruiseline
Entering depature date
Clicking search cruise button
Entering day_duration
Entering cruiseline
Clicking search cruise button
cruiseTest Passed!!
]]></system-out>
    <system-err><![CDATA[Dec 14, 2020 6:49:18 PM org.openqa.selenium.remote.DesiredCapabilities chrome
INFO: Using `new ChromeOptions()` is preferred to `DesiredCapabilities.chrome()`
Dec 14, 2020 6:49:18 PM org.openqa.selenium.remote.DesiredCapabilities chrome
INFO: Using `new ChromeOptions()` is preferred to `DesiredCapabilities.chrome()`
Dec 14, 2020 6:49:32 PM org.openqa.selenium.remote.ProtocolHandshake createSession
INFO: Detected dialect: W3C
Dec 14, 2020 6:49:32 PM org.openqa.selenium.remote.ProtocolHandshake createSession
INFO: Detected dialect: W3C
Starting ChromeDriver 86.0.4240.22 (398b0743353ff36fb1b82468f63a3a93b4e2e89e-refs/branch-heads/4240@{#378}) on port 14006
Only local connections are allowed.
Please see https://chromedriver.chromium.org/security-considerations for suggestions on keeping ChromeDriver safe.
ChromeDriver was started successfully.
1607951974205	geckodriver	INFO	Listening on 127.0.0.1:1446
1607951974611	mozrunner::runner	INFO	Running command: "C:\\Program Files\\Mozilla Firefox\\firefox.exe" "--marionette" "-foreground" "-no-remote" "-profile" "C:\\Users\\ALFIN~1.ANT\\AppData\\Local\\Temp\\rust_mozprofileB8JadT"
[1607951975.286][WARNING]: This version of ChromeDriver has not been tested with Chrome version 87.
Can't find symbol 'eglSwapBuffersWithDamageEXT'.
Can't find symbol 'eglSetDamageRegionKHR'.
Dec 14, 2020 6:49:37 PM org.openqa.selenium.remote.ProtocolHandshake createSession
INFO: Detected dialect: W3C
JavaScript error: resource://gre/modules/XULStore.jsm, line 66: Error: Can't find profile directory.
console.warn: SearchSettings: "get: No settings file exists, new profile?" (new Error("", "(unknown module)"))
1607951979993	Marionette	INFO	Listening on port 56800
1607951980586	Marionette	WARN	TLS certificate errors will be ignored for this session
Dec 14, 2020 6:49:40 PM org.openqa.selenium.remote.ProtocolHandshake createSession
INFO: Detected dialect: W3C
]]></system-err>
  </testcase>
  <testcase name="cruiseTest[Australia, 03-Jan-2021, 7 To 9 night(s), Carnival Cruise Lines](1)" classname="com.atmecs.yatra.testscript.YatraCruiseTest" time="4.124">
    <system-out><![CDATA[cruiseTest Passed!!
]]></system-out>
  </testcase>
  <testcase name="cruiseTest[Australasia, 06-Oct-2021, 1 To 3 night(s), Princess](2)" classname="com.atmecs.yatra.testscript.YatraCruiseTest" time="3.715">
    <system-out><![CDATA[https://www.yatra.com/
cruiseTest Strated!!
Clicking the + More option
Clicking the cruise menu
https://www.yatra.com/
cruiseTest Strated!!
Clicking the + More option
Clicking the cruise menu
Entering destination
Entering depature date
Entering day_duration
Entering cruiseline
Clicking search cruise button
cruiseTest Passed!!
]]></system-out>
    <system-err><![CDATA[1607951992127	Marionette	INFO	Stopped listening on port 56800

###!!! [Child][RunMessage] Error: Channel closing: too late to send/recv, messages will be lost


###!!! [Child][MessageChannel::SendAndWait] Error: Channel error: cannot send/recv

Starting ChromeDriver 86.0.4240.22 (398b0743353ff36fb1b82468f63a3a93b4e2e89e-refs/branch-heads/4240@{#378}) on port 42375
Only local connections are allowed.
Please see https://chromedriver.chromium.org/security-considerations for suggestions on keeping ChromeDriver safe.
ChromeDriver was started successfully.
[1607951997.609][WARNING]: This version of ChromeDriver has not been tested with Chrome version 87.
1607951997835	geckodriver	INFO	Listening on 127.0.0.1:7921
1607951998338	mozrunner::runner	INFO	Running command: "C:\\Program Files\\Mozilla Firefox\\firefox.exe" "--marionette" "-foreground" "-no-remote" "-profile" "C:\\Users\\ALFIN~1.ANT\\AppData\\Local\\Temp\\rust_mozprofileptJhm9"
Dec 14, 2020 6:49:59 PM org.openqa.selenium.remote.ProtocolHandshake createSession
INFO: Detected dialect: W3C
Can't find symbol 'eglSwapBuffersWithDamageEXT'.
Can't find symbol 'eglSetDamageRegionKHR'.
JavaScript error: resource://gre/modules/XULStore.jsm, line 66: Error: Can't find profile directory.
console.warn: SearchSettings: "get: No settings file exists, new profile?" (new Error("", "(unknown module)"))
1607952003434	Marionette	INFO	Listening on port 56977
1607952003683	Marionette	WARN	TLS certificate errors will be ignored for this session
Dec 14, 2020 6:50:03 PM org.openqa.selenium.remote.ProtocolHandshake createSession
INFO: Detected dialect: W3C
]]></system-err>
  </testcase>
  <testcase name="cruiseTest[Australasia, 06-Oct-2021, 1 To 3 night(s), Princess](2)" classname="com.atmecs.yatra.testscript.YatraCruiseTest" time="7.397">
    <system-out><![CDATA[Entering destination
Entering depature date
Entering day_duration
Entering cruiseline
Clicking search cruise button
cruiseTest Passed!!
]]></system-out>
    <system-err><![CDATA[Starting ChromeDriver 86.0.4240.22 (398b0743353ff36fb1b82468f63a3a93b4e2e89e-refs/branch-heads/4240@{#378}) on port 10006
Only local connections are allowed.
Please see https://chromedriver.chromium.org/security-considerations for suggestions on keeping ChromeDriver safe.
ChromeDriver was started successfully.
[1607952015.524][WARNING]: This version of ChromeDriver has not been tested with Chrome version 87.
]]></system-err>
  </testcase>
  <testcase name="cruiseTest[Carribean, 04-Nov-2021, 7 To 9 night(s), MSC Cruises](3)" classname="com.atmecs.yatra.testscript.YatraCruiseTest" time="0.326">
    <system-out><![CDATA[https://www.yatra.com/
cruiseTest Strated!!
Clicking the + More option
Clicking the cruise menu
Entering destination
Entering depature date
Entering day_duration
Entering cruiseline
Clicking search cruise button
https://www.yatra.com/
cruiseTest Strated!!
Clicking the + More option
cruiseTest Passed!!
]]></system-out>
    <system-err><![CDATA[1607952016157	Marionette	INFO	Stopped listening on port 56977
Dec 14, 2020 6:50:17 PM org.openqa.selenium.remote.ProtocolHandshake createSession
INFO: Detected dialect: W3C

###!!! [Child][RunMessage] Error: Channel closing: too late to send/recv, messages will be lost


###!!! [Child][MessageChannel::SendAndWait] Error: Channel error: cannot send/recv

1607952019647	geckodriver	INFO	Listening on 127.0.0.1:5417
1607952020288	mozrunner::runner	INFO	Running command: "C:\\Program Files\\Mozilla Firefox\\firefox.exe" "--marionette" "-foreground" "-no-remote" "-profile" "C:\\Users\\ALFIN~1.ANT\\AppData\\Local\\Temp\\rust_mozprofileeNkq9H"
Can't find symbol 'eglSwapBuffersWithDamageEXT'.
Can't find symbol 'eglSetDamageRegionKHR'.
JavaScript error: resource://gre/modules/XULStore.jsm, line 66: Error: Can't find profile directory.
console.warn: SearchSettings: "get: No settings file exists, new profile?" (new Error("", "(unknown module)"))
1607952025407	Marionette	INFO	Listening on port 57148
1607952025587	Marionette	WARN	TLS certificate errors will be ignored for this session
Dec 14, 2020 6:50:25 PM org.openqa.selenium.remote.ProtocolHandshake createSession
INFO: Detected dialect: W3C
]]></system-err>
  </testcase>
  <testcase name="cruiseTest[Carribean, 04-Nov-2021, 7 To 9 night(s), MSC Cruises](3)" classname="com.atmecs.yatra.testscript.YatraCruiseTest" time="6.759">
    <system-out><![CDATA[Clicking the cruise menu
Entering destination
Entering depature date
Entering day_duration
Entering cruiseline
Clicking search cruise button
cruiseTest Passed!!
]]></system-out>
    <system-err><![CDATA[Starting ChromeDriver 86.0.4240.22 (398b0743353ff36fb1b82468f63a3a93b4e2e89e-refs/branch-heads/4240@{#378}) on port 34774
Only local connections are allowed.
Please see https://chromedriver.chromium.org/security-considerations for suggestions on keeping ChromeDriver safe.
ChromeDriver was started successfully.
[1607952032.072][WARNING]: This version of ChromeDriver has not been tested with Chrome version 87.
Dec 14, 2020 6:50:34 PM org.openqa.selenium.remote.ProtocolHandshake createSession
INFO: Detected dialect: W3C
]]></system-err>
  </testcase>
  <testcase name="cruiseTest[Pacific Coastal , 01-Jan-2022, 1 To 3 night(s), Princess](4)" classname="com.atmecs.yatra.testscript.YatraCruiseTest" time="4.36">
    <system-out><![CDATA[https://www.yatra.com/
cruiseTest Strated!!
Clicking the + More option
Clicking the cruise menu
Entering destination
Entering depature date
Entering day_duration
Entering cruiseline
Clicking search cruise button
cruiseTest Passed!!
]]></system-out>
    <system-err><![CDATA[1607952036253	Marionette	INFO	Stopped listening on port 57148

###!!! [Child][RunMessage] Error: Channel closing: too late to send/recv, messages will be lost


###!!! [Child][MessageChannel::SendAndWait] Error: Channel error: cannot send/recv

1607952039445	geckodriver	INFO	Listening on 127.0.0.1:44752
1607952039884	mozrunner::runner	INFO	Running command: "C:\\Program Files\\Mozilla Firefox\\firefox.exe" "--marionette" "-foreground" "-no-remote" "-profile" "C:\\Users\\ALFIN~1.ANT\\AppData\\Local\\Temp\\rust_mozprofile42w6t2"
Can't find symbol 'eglSwapBuffersWithDamageEXT'.
Can't find symbol 'eglSetDamageRegionKHR'.
JavaScript error: resource://gre/modules/XULStore.jsm, line 66: Error: Can't find profile directory.
console.warn: SearchSettings: "get: No settings file exists, new profile?" (new Error("", "(unknown module)"))
]]></system-err>
  </testcase>
  <testcase name="cruiseTest[Pacific Coastal , 01-Jan-2022, 1 To 3 night(s), Princess](4)" classname="com.atmecs.yatra.testscript.YatraCruiseTest" time="8.676">
    <system-out><![CDATA[https://www.yatra.com/
cruiseTest Strated!!
Clicking the + More option
Clicking the cruise menu
https://www.yatra.com/
Entering destination
Entering depature date
Entering day_duration
Entering cruiseline
Clicking search cruise button
cruiseTest Passed!!
]]></system-out>
    <system-err><![CDATA[1607952044952	Marionette	INFO	Listening on port 57309
1607952045422	Marionette	WARN	TLS certificate errors will be ignored for this session
Dec 14, 2020 6:50:45 PM org.openqa.selenium.remote.ProtocolHandshake createSession
INFO: Detected dialect: W3C
Starting ChromeDriver 86.0.4240.22 (398b0743353ff36fb1b82468f63a3a93b4e2e89e-refs/branch-heads/4240@{#378}) on port 47832
Only local connections are allowed.
Please see https://chromedriver.chromium.org/security-considerations for suggestions on keeping ChromeDriver safe.
ChromeDriver was started successfully.
[1607952049.252][WARNING]: This version of ChromeDriver has not been tested with Chrome version 87.
Dec 14, 2020 6:50:51 PM org.openqa.selenium.remote.ProtocolHandshake createSession
INFO: Detected dialect: W3C
]]></system-err>
  </testcase>
  <testcase name="cruiseTest[Carribean Eastern, 01-Mar-2022, 14 and more night(s), Holland America](5)" classname="com.atmecs.yatra.testscript.YatraCruiseTest" time="5.1">
    <system-out><![CDATA[cruiseTest Strated!!
Clicking the + More option
Clicking the cruise menu
Entering destination
Entering depature date
Entering day_duration
Entering cruiseline
Clicking search cruise button
cruiseTest Passed!!
]]></system-out>
    <system-err><![CDATA[1607952059706	Marionette	INFO	Stopped listening on port 57309

###!!! [Child][RunMessage] Error: Channel closing: too late to send/recv, messages will be lost


###!!! [Child][MessageChannel::SendAndWait] Error: Channel error: cannot send/recv

1607952065604	geckodriver	INFO	Listening on 127.0.0.1:6128
1607952066069	mozrunner::runner	INFO	Running command: "C:\\Program Files\\Mozilla Firefox\\firefox.exe" "--marionette" "-foreground" "-no-remote" "-profile" "C:\\Users\\ALFIN~1.ANT\\AppData\\Local\\Temp\\rust_mozprofileexkg81"
]]></system-err>
  </testcase>
  <testcase name="cruiseTest[Carribean Eastern, 01-Mar-2022, 14 and more night(s), Holland America](5)" classname="com.atmecs.yatra.testscript.YatraCruiseTest" time="3.844">
    <system-out><![CDATA[Entering day_duration
Entering cruiseline
Clicking search cruise button
cruiseTest Passed!!
]]></system-out>
  </testcase>
  <testcase name="yatraMonuments" classname="com.atmecs.yatra.testscript.YatraMonumentsTest" time="1.132">
    <system-out><![CDATA[https://www.yatra.com/
https://www.yatra.com/
cruiseTest Strated!!
Clicking the + More option
Clicking the cruise menu
yatraMonuments Strated!!
Clicking the + More option
Clicking the Monument tab
Entering destination
Checking the top monument section
Entering depature date
Section is displayed
Monuments are displayed under the Top Monuments section:6
Top Monuments:true
Top Monuments:true
Top Monuments:true
Top Monuments:true
Top Monuments:true
Top Monuments:true
yatraMonuments Passed!!
]]></system-out>
    <system-err><![CDATA[Starting ChromeDriver 86.0.4240.22 (398b0743353ff36fb1b82468f63a3a93b4e2e89e-refs/branch-heads/4240@{#378}) on port 42865
Only local connections are allowed.
Please see https://chromedriver.chromium.org/security-considerations for suggestions on keeping ChromeDriver safe.
ChromeDriver was started successfully.
Can't find symbol 'eglSwapBuffersWithDamageEXT'.
Can't find symbol 'eglSetDamageRegionKHR'.
[1607952070.126][WARNING]: This version of ChromeDriver has not been tested with Chrome version 87.
JavaScript error: resource://gre/modules/XULStore.jsm, line 66: Error: Can't find profile directory.
console.warn: SearchSettings: "get: No settings file exists, new profile?" (new Error("", "(unknown module)"))
Dec 14, 2020 6:51:12 PM org.openqa.selenium.remote.ProtocolHandshake createSession
INFO: Detected dialect: W3C
1607952073790	Marionette	INFO	Listening on port 57461
1607952073971	Marionette	WARN	TLS certificate errors will be ignored for this session
Dec 14, 2020 6:51:14 PM org.openqa.selenium.remote.ProtocolHandshake createSession
INFO: Detected dialect: W3C
]]></system-err>
  </testcase>
  <testcase name="yatraMonuments" classname="com.atmecs.yatra.testscript.YatraMonumentsTest" time="0.896">
    <failure message="Element &lt;a id=&quot;booking_engine_monument&quot; class=&quot;relative&quot; href=&quot;javascript:void(0);&quot;&gt; could not be scrolled into view&#10;Build info: version: &apos;3.141.59&apos;, revision: &apos;e82be7d358&apos;, time: &apos;2018-11-14T08:17:03&apos;&#10;System info: host: &apos;ATMECSINLT-601&apos;, ip: &apos;192.168.163.1&apos;, os.name: &apos;Windows 10&apos;, os.arch: &apos;amd64&apos;, os.version: &apos;10.0&apos;, java.version: &apos;1.8.0_271&apos;&#10;Driver info: org.openqa.selenium.firefox.FirefoxDriver&#10;Capabilities {acceptInsecureCerts: true, browserName: firefox, browserVersion: 83.0, javascriptEnabled: true, moz:accessibilityChecks: false, moz:buildID: 20201112153044, moz:geckodriverVersion: 0.28.0, moz:headless: false, moz:processID: 26100, moz:profile: C:\Users\alfin.anthonyraj\A..., moz:shutdownTimeout: 60000, moz:useNonSpecCompliantPointerOrigin: false, moz:webdriverClick: true, pageLoadStrategy: normal, platform: WINDOWS, platformName: WINDOWS, platformVersion: 10.0, rotatable: false, setWindowRect: true, strictFileInteractability: false, timeouts: {implicit: 0, pageLoad: 300000, script: 30000}, unhandledPromptBehavior: dismiss and notify}&#10;Session ID: 3869415f-bc60-4205-9e01-dde23abd9b59" type="org.openqa.selenium.ElementNotInteractableException"><![CDATA[org.openqa.selenium.ElementNotInteractableException: 
Element <a id="booking_engine_monument" class="relative" href="javascript:void(0);"> could not be scrolled into view
Build info: version: '3.141.59', revision: 'e82be7d358', time: '2018-11-14T08:17:03'
System info: host: 'ATMECSINLT-601', ip: '192.168.163.1', os.name: 'Windows 10', os.arch: 'amd64', os.version: '10.0', java.version: '1.8.0_271'
Driver info: org.openqa.selenium.firefox.FirefoxDriver
Capabilities {acceptInsecureCerts: true, browserName: firefox, browserVersion: 83.0, javascriptEnabled: true, moz:accessibilityChecks: false, moz:buildID: 20201112153044, moz:geckodriverVersion: 0.28.0, moz:headless: false, moz:processID: 26100, moz:profile: C:\Users\alfin.anthonyraj\A..., moz:shutdownTimeout: 60000, moz:useNonSpecCompliantPointerOrigin: false, moz:webdriverClick: true, pageLoadStrategy: normal, platform: WINDOWS, platformName: WINDOWS, platformVersion: 10.0, rotatable: false, setWindowRect: true, strictFileInteractability: false, timeouts: {implicit: 0, pageLoad: 300000, script: 30000}, unhandledPromptBehavior: dismiss and notify}
Session ID: 3869415f-bc60-4205-9e01-dde23abd9b59
	at com.atmecs.yatra.testscript.YatraMonumentsTest.yatraMonuments(YatraMonumentsTest.java:15)
]]></failure>
    <system-out><![CDATA[https://www.yatra.com/
yatraMonuments Strated!!
Clicking the + More option
Clicking the Monument tab
yatraMonuments Failed!!
]]></system-out>
    <system-err><![CDATA[1607952086821	Marionette	INFO	Stopped listening on port 57461

###!!! [Child][RunMessage] Error: Channel closing: too late to send/recv, messages will be lost


###!!! [Child][MessageChannel::SendAndWait] Error: Channel error: cannot send/recv

1607952091619	geckodriver	INFO	Listening on 127.0.0.1:4930
1607952092030	mozrunner::runner	INFO	Running command: "C:\\Program Files\\Mozilla Firefox\\firefox.exe" "--marionette" "-foreground" "-no-remote" "-profile" "C:\\Users\\ALFIN~1.ANT\\AppData\\Local\\Temp\\rust_mozprofileXcwLqu"
Can't find symbol 'eglSwapBuffersWithDamageEXT'.
Can't find symbol 'eglSetDamageRegionKHR'.
JavaScript error: resource://gre/modules/XULStore.jsm, line 66: Error: Can't find profile directory.
console.warn: SearchSettings: "get: No settings file exists, new profile?" (new Error("", "(unknown module)"))
1607952097252	Marionette	INFO	Listening on port 57604
1607952097295	Marionette	WARN	TLS certificate errors will be ignored for this session
Dec 14, 2020 6:51:37 PM org.openqa.selenium.remote.ProtocolHandshake createSession
INFO: Detected dialect: W3C
]]></system-err>
  </testcase>
</testsuite>