<?xml version="1.0" encoding="UTF-8"?>
<testng-results ignored="2" total="14" passed="11" failed="1" skipped="0">
  <reporter-output>
  </reporter-output>
  <suite started-at="2020-12-14T18:32:52 IST" name="Suite" finished-at="2020-12-14T18:35:11 IST" duration-ms="138649">
    <groups>
    </groups>
    <test started-at="2020-12-14T18:32:52 IST" name="ChromeTest" finished-at="2020-12-14T18:34:54 IST" duration-ms="121342">
      <class name="com.atmecs.yatra.testscript.YatraCruiseTest">
        <test-method is-config="true" signature="initBrowser()[pri:0, instance:com.atmecs.yatra.testscript.YatraCruiseTest@2aa5fe93]" started-at="2020-12-14T18:32:52 IST" name="initBrowser" finished-at="2020-12-14T18:32:57 IST" duration-ms="4354" status="PASS">
          <reporter-output>
          </reporter-output>
        </test-method> <!-- initBrowser -->
        <test-method is-config="true" signature="beforeMethod(java.lang.String)[pri:0, instance:com.atmecs.yatra.testscript.YatraCruiseTest@2aa5fe93]" started-at="2020-12-14T18:32:57 IST" name="beforeMethod" finished-at="2020-12-14T18:33:08 IST" duration-ms="10709" status="PASS">
          <params>
            <param index="0">
              <value>
                <![CDATA[chrome]]>
              </value>
            </param>
          </params>
          <reporter-output>
          </reporter-output>
        </test-method> <!-- beforeMethod -->
        <test-method signature="cruiseTest(java.lang.String, java.lang.String, java.lang.String, java.lang.String)[pri:0, instance:com.atmecs.yatra.testscript.YatraCruiseTest@2aa5fe93]" started-at="2020-12-14T18:33:08 IST" name="cruiseTest" data-provider="testData" finished-at="2020-12-14T18:33:19 IST" duration-ms="10736" status="PASS">
          <params>
            <param index="0">
              <value>
                <![CDATA[Australia]]>
              </value>
            </param>
            <param index="1">
              <value>
                <![CDATA[03-Jan-2021]]>
              </value>
            </param>
            <param index="2">
              <value>
                <![CDATA[7 To 9 night(s)]]>
              </value>
            </param>
            <param index="3">
              <value>
                <![CDATA[Carnival Cruise Lines]]>
              </value>
            </param>
          </params>
          <reporter-output>
          </reporter-output>
        </test-method> <!-- cruiseTest -->
        <test-method is-config="true" signature="afterTest()[pri:0, instance:com.atmecs.yatra.testscript.YatraCruiseTest@2aa5fe93]" started-at="2020-12-14T18:33:19 IST" name="afterTest" finished-at="2020-12-14T18:33:21 IST" duration-ms="2587" status="PASS">
          <reporter-output>
          </reporter-output>
        </test-method> <!-- afterTest -->
        <test-method is-config="true" signature="beforeMethod(java.lang.String)[pri:0, instance:com.atmecs.yatra.testscript.YatraCruiseTest@2aa5fe93]" started-at="2020-12-14T18:33:21 IST" name="beforeMethod" finished-at="2020-12-14T18:33:36 IST" duration-ms="14422" status="PASS">
          <params>
            <param index="0">
              <value>
                <![CDATA[chrome]]>
              </value>
            </param>
          </params>
          <reporter-output>
          </reporter-output>
        </test-method> <!-- beforeMethod -->
        <test-method signature="cruiseTest(java.lang.String, java.lang.String, java.lang.String, java.lang.String)[pri:0, instance:com.atmecs.yatra.testscript.YatraCruiseTest@2aa5fe93]" started-at="2020-12-14T18:33:36 IST" name="cruiseTest" data-provider="testData" finished-at="2020-12-14T18:33:40 IST" duration-ms="4248" status="PASS">
          <params>
            <param index="0">
              <value>
                <![CDATA[Australasia]]>
              </value>
            </param>
            <param index="1">
              <value>
                <![CDATA[06-Oct-2021]]>
              </value>
            </param>
            <param index="2">
              <value>
                <![CDATA[1 To 3 night(s)]]>
              </value>
            </param>
            <param index="3">
              <value>
                <![CDATA[Princess]]>
              </value>
            </param>
          </params>
          <reporter-output>
          </reporter-output>
        </test-method> <!-- cruiseTest -->
        <test-method is-config="true" signature="afterTest()[pri:0, instance:com.atmecs.yatra.testscript.YatraCruiseTest@2aa5fe93]" started-at="2020-12-14T18:33:40 IST" name="afterTest" finished-at="2020-12-14T18:33:41 IST" duration-ms="774" status="PASS">
          <reporter-output>
          </reporter-output>
        </test-method> <!-- afterTest -->
        <test-method is-config="true" signature="beforeMethod(java.lang.String)[pri:0, instance:com.atmecs.yatra.testscript.YatraCruiseTest@2aa5fe93]" started-at="2020-12-14T18:33:41 IST" name="beforeMethod" finished-at="2020-12-14T18:33:56 IST" duration-ms="14604" status="PASS">
          <params>
            <param index="0">
              <value>
                <![CDATA[chrome]]>
              </value>
            </param>
          </params>
          <reporter-output>
          </reporter-output>
        </test-method> <!-- beforeMethod -->
        <test-method signature="cruiseTest(java.lang.String, java.lang.String, java.lang.String, java.lang.String)[pri:0, instance:com.atmecs.yatra.testscript.YatraCruiseTest@2aa5fe93]" started-at="2020-12-14T18:33:56 IST" name="cruiseTest" data-provider="testData" finished-at="2020-12-14T18:33:59 IST" duration-ms="3815" status="PASS">
          <params>
            <param index="0">
              <value>
                <![CDATA[Carribean]]>
              </value>
            </param>
            <param index="1">
              <value>
                <![CDATA[04-Nov-2021]]>
              </value>
            </param>
            <param index="2">
              <value>
                <![CDATA[7 To 9 night(s)]]>
              </value>
            </param>
            <param index="3">
              <value>
                <![CDATA[MSC Cruises]]>
              </value>
            </param>
          </params>
          <reporter-output>
          </reporter-output>
        </test-method> <!-- cruiseTest -->
        <test-method is-config="true" signature="afterTest()[pri:0, instance:com.atmecs.yatra.testscript.YatraCruiseTest@2aa5fe93]" started-at="2020-12-14T18:33:59 IST" name="afterTest" finished-at="2020-12-14T18:34:01 IST" duration-ms="1195" status="PASS">
          <reporter-output>
          </reporter-output>
        </test-method> <!-- afterTest -->
        <test-method is-config="true" signature="beforeMethod(java.lang.String)[pri:0, instance:com.atmecs.yatra.testscript.YatraCruiseTest@2aa5fe93]" started-at="2020-12-14T18:34:01 IST" name="beforeMethod" finished-at="2020-12-14T18:34:13 IST" duration-ms="12506" status="PASS">
          <params>
            <param index="0">
              <value>
                <![CDATA[chrome]]>
              </value>
            </param>
          </params>
          <reporter-output>
          </reporter-output>
        </test-method> <!-- beforeMethod -->
        <test-method signature="cruiseTest(java.lang.String, java.lang.String, java.lang.String, java.lang.String)[pri:0, instance:com.atmecs.yatra.testscript.YatraCruiseTest@2aa5fe93]" started-at="2020-12-14T18:34:13 IST" name="cruiseTest" data-provider="testData" finished-at="2020-12-14T18:34:19 IST" duration-ms="6342" status="PASS">
          <params>
            <param index="0">
              <value>
                <![CDATA[Pacific Coastal ]]>
              </value>
            </param>
            <param index="1">
              <value>
                <![CDATA[01-Jan-2022]]>
              </value>
            </param>
            <param index="2">
              <value>
                <![CDATA[1 To 3 night(s)]]>
              </value>
            </param>
            <param index="3">
              <value>
                <![CDATA[Princess]]>
              </value>
            </param>
          </params>
          <reporter-output>
          </reporter-output>
        </test-method> <!-- cruiseTest -->
        <test-method is-config="true" signature="afterTest()[pri:0, instance:com.atmecs.yatra.testscript.YatraCruiseTest@2aa5fe93]" started-at="2020-12-14T18:34:19 IST" name="afterTest" finished-at="2020-12-14T18:34:20 IST" duration-ms="155" status="PASS">
          <reporter-output>
          </reporter-output>
        </test-method> <!-- afterTest -->
        <test-method is-config="true" signature="beforeMethod(java.lang.String)[pri:0, instance:com.atmecs.yatra.testscript.YatraCruiseTest@2aa5fe93]" started-at="2020-12-14T18:34:20 IST" name="beforeMethod" finished-at="2020-12-14T18:34:29 IST" duration-ms="9474" status="PASS">
          <params>
            <param index="0">
              <value>
                <![CDATA[chrome]]>
              </value>
            </param>
          </params>
          <reporter-output>
          </reporter-output>
        </test-method> <!-- beforeMethod -->
        <test-method signature="cruiseTest(java.lang.String, java.lang.String, java.lang.String, java.lang.String)[pri:0, instance:com.atmecs.yatra.testscript.YatraCruiseTest@2aa5fe93]" started-at="2020-12-14T18:34:29 IST" name="cruiseTest" data-provider="testData" finished-at="2020-12-14T18:34:39 IST" duration-ms="9513" status="PASS">
          <params>
            <param index="0">
              <value>
                <![CDATA[Carribean Eastern]]>
              </value>
            </param>
            <param index="1">
              <value>
                <![CDATA[01-Mar-2022]]>
              </value>
            </param>
            <param index="2">
              <value>
                <![CDATA[14 and more night(s)]]>
              </value>
            </param>
            <param index="3">
              <value>
                <![CDATA[Holland America]]>
              </value>
            </param>
          </params>
          <reporter-output>
          </reporter-output>
        </test-method> <!-- cruiseTest -->
        <test-method is-config="true" signature="afterTest()[pri:0, instance:com.atmecs.yatra.testscript.YatraCruiseTest@2aa5fe93]" started-at="2020-12-14T18:34:39 IST" name="afterTest" finished-at="2020-12-14T18:34:39 IST" duration-ms="495" status="PASS">
          <reporter-output>
          </reporter-output>
        </test-method> <!-- afterTest -->
      </class> <!-- com.atmecs.yatra.testscript.YatraCruiseTest -->
      <class name="com.atmecs.yatra.testscript.YatraMonumentsTest">
        <test-method is-config="true" signature="beforeMethod(java.lang.String)[pri:0, instance:com.atmecs.yatra.testscript.YatraMonumentsTest@5c1a8622]" started-at="2020-12-14T18:34:39 IST" name="beforeMethod" finished-at="2020-12-14T18:34:51 IST" duration-ms="12128" status="PASS">
          <params>
            <param index="0">
              <value>
                <![CDATA[chrome]]>
              </value>
            </param>
          </params>
          <reporter-output>
          </reporter-output>
        </test-method> <!-- beforeMethod -->
        <test-method signature="yatraMonuments()[pri:0, instance:com.atmecs.yatra.testscript.YatraMonumentsTest@5c1a8622]" started-at="2020-12-14T18:34:51 IST" name="yatraMonuments" finished-at="2020-12-14T18:34:52 IST" duration-ms="1067" status="PASS">
          <reporter-output>
          </reporter-output>
        </test-method> <!-- yatraMonuments -->
        <test-method is-config="true" signature="afterTest()[pri:0, instance:com.atmecs.yatra.testscript.YatraMonumentsTest@5c1a8622]" started-at="2020-12-14T18:34:52 IST" name="afterTest" finished-at="2020-12-14T18:34:54 IST" duration-ms="1364" status="PASS">
          <reporter-output>
          </reporter-output>
        </test-method> <!-- afterTest -->
      </class> <!-- com.atmecs.yatra.testscript.YatraMonumentsTest -->
    </test> <!-- ChromeTest -->
    <test started-at="2020-12-14T18:32:52 IST" name="FirefoxTest" finished-at="2020-12-14T18:35:11 IST" duration-ms="138649">
      <class name="com.atmecs.yatra.testscript.YatraCruiseTest">
        <test-method is-config="true" signature="initBrowser()[pri:0, instance:com.atmecs.yatra.testscript.YatraCruiseTest@78dd667e]" started-at="2020-12-14T18:32:52 IST" name="initBrowser" finished-at="2020-12-14T18:32:57 IST" duration-ms="4292" status="PASS">
          <reporter-output>
          </reporter-output>
        </test-method> <!-- initBrowser -->
        <test-method is-config="true" signature="beforeMethod(java.lang.String)[pri:0, instance:com.atmecs.yatra.testscript.YatraCruiseTest@78dd667e]" started-at="2020-12-14T18:32:57 IST" name="beforeMethod" finished-at="2020-12-14T18:33:10 IST" duration-ms="12769" status="PASS">
          <params>
            <param index="0">
              <value>
                <![CDATA[firefox]]>
              </value>
            </param>
          </params>
          <reporter-output>
          </reporter-output>
        </test-method> <!-- beforeMethod -->
        <test-method signature="cruiseTest(java.lang.String, java.lang.String, java.lang.String, java.lang.String)[pri:0, instance:com.atmecs.yatra.testscript.YatraCruiseTest@78dd667e]" started-at="2020-12-14T18:33:10 IST" name="cruiseTest" data-provider="testData" finished-at="2020-12-14T18:33:16 IST" duration-ms="5785" status="PASS">
          <params>
            <param index="0">
              <value>
                <![CDATA[Australia]]>
              </value>
            </param>
            <param index="1">
              <value>
                <![CDATA[03-Jan-2021]]>
              </value>
            </param>
            <param index="2">
              <value>
                <![CDATA[7 To 9 night(s)]]>
              </value>
            </param>
            <param index="3">
              <value>
                <![CDATA[Carnival Cruise Lines]]>
              </value>
            </param>
          </params>
          <reporter-output>
          </reporter-output>
        </test-method> <!-- cruiseTest -->
        <test-method is-config="true" signature="afterTest()[pri:0, instance:com.atmecs.yatra.testscript.YatraCruiseTest@78dd667e]" started-at="2020-12-14T18:33:16 IST" name="afterTest" finished-at="2020-12-14T18:33:22 IST" duration-ms="5976" status="PASS">
          <reporter-output>
          </reporter-output>
        </test-method> <!-- afterTest -->
        <test-method is-config="true" signature="beforeMethod(java.lang.String)[pri:0, instance:com.atmecs.yatra.testscript.YatraCruiseTest@78dd667e]" started-at="2020-12-14T18:33:22 IST" name="beforeMethod" finished-at="2020-12-14T18:33:31 IST" duration-ms="9160" status="PASS">
          <params>
            <param index="0">
              <value>
                <![CDATA[firefox]]>
              </value>
            </param>
          </params>
          <reporter-output>
          </reporter-output>
        </test-method> <!-- beforeMethod -->
        <test-method signature="cruiseTest(java.lang.String, java.lang.String, java.lang.String, java.lang.String)[pri:0, instance:com.atmecs.yatra.testscript.YatraCruiseTest@78dd667e]" started-at="2020-12-14T18:33:31 IST" name="cruiseTest" data-provider="testData" finished-at="2020-12-14T18:33:38 IST" duration-ms="6436" status="PASS">
          <params>
            <param index="0">
              <value>
                <![CDATA[Australasia]]>
              </value>
            </param>
            <param index="1">
              <value>
                <![CDATA[06-Oct-2021]]>
              </value>
            </param>
            <param index="2">
              <value>
                <![CDATA[1 To 3 night(s)]]>
              </value>
            </param>
            <param index="3">
              <value>
                <![CDATA[Princess]]>
              </value>
            </param>
          </params>
          <reporter-output>
          </reporter-output>
        </test-method> <!-- cruiseTest -->
        <test-method is-config="true" signature="afterTest()[pri:0, instance:com.atmecs.yatra.testscript.YatraCruiseTest@78dd667e]" started-at="2020-12-14T18:33:38 IST" name="afterTest" finished-at="2020-12-14T18:33:42 IST" duration-ms="4798" status="PASS">
          <reporter-output>
          </reporter-output>
        </test-method> <!-- afterTest -->
        <test-method is-config="true" signature="beforeMethod(java.lang.String)[pri:0, instance:com.atmecs.yatra.testscript.YatraCruiseTest@78dd667e]" started-at="2020-12-14T18:33:42 IST" name="beforeMethod" finished-at="2020-12-14T18:33:54 IST" duration-ms="11744" status="PASS">
          <params>
            <param index="0">
              <value>
                <![CDATA[firefox]]>
              </value>
            </param>
          </params>
          <reporter-output>
          </reporter-output>
        </test-method> <!-- beforeMethod -->
        <test-method signature="cruiseTest(java.lang.String, java.lang.String, java.lang.String, java.lang.String)[pri:0, instance:com.atmecs.yatra.testscript.YatraCruiseTest@78dd667e]" started-at="2020-12-14T18:33:54 IST" name="cruiseTest" data-provider="testData" finished-at="2020-12-14T18:33:59 IST" duration-ms="4899" status="PASS">
          <params>
            <param index="0">
              <value>
                <![CDATA[Carribean]]>
              </value>
            </param>
            <param index="1">
              <value>
                <![CDATA[04-Nov-2021]]>
              </value>
            </param>
            <param index="2">
              <value>
                <![CDATA[7 To 9 night(s)]]>
              </value>
            </param>
            <param index="3">
              <value>
                <![CDATA[MSC Cruises]]>
              </value>
            </param>
          </params>
          <reporter-output>
          </reporter-output>
        </test-method> <!-- cruiseTest -->
        <test-method is-config="true" signature="afterTest()[pri:0, instance:com.atmecs.yatra.testscript.YatraCruiseTest@78dd667e]" started-at="2020-12-14T18:33:59 IST" name="afterTest" finished-at="2020-12-14T18:34:04 IST" duration-ms="5332" status="PASS">
          <reporter-output>
          </reporter-output>
        </test-method> <!-- afterTest -->
        <test-method is-config="true" signature="beforeMethod(java.lang.String)[pri:0, instance:com.atmecs.yatra.testscript.YatraCruiseTest@78dd667e]" started-at="2020-12-14T18:34:04 IST" name="beforeMethod" finished-at="2020-12-14T18:34:19 IST" duration-ms="14901" status="PASS">
          <params>
            <param index="0">
              <value>
                <![CDATA[firefox]]>
              </value>
            </param>
          </params>
          <reporter-output>
          </reporter-output>
        </test-method> <!-- beforeMethod -->
        <test-method signature="cruiseTest(java.lang.String, java.lang.String, java.lang.String, java.lang.String)[pri:0, instance:com.atmecs.yatra.testscript.YatraCruiseTest@78dd667e]" started-at="2020-12-14T18:34:19 IST" name="cruiseTest" data-provider="testData" finished-at="2020-12-14T18:34:26 IST" duration-ms="6297" status="PASS">
          <params>
            <param index="0">
              <value>
                <![CDATA[Pacific Coastal ]]>
              </value>
            </param>
            <param index="1">
              <value>
                <![CDATA[01-Jan-2022]]>
              </value>
            </param>
            <param index="2">
              <value>
                <![CDATA[1 To 3 night(s)]]>
              </value>
            </param>
            <param index="3">
              <value>
                <![CDATA[Princess]]>
              </value>
            </param>
          </params>
          <reporter-output>
          </reporter-output>
        </test-method> <!-- cruiseTest -->
        <test-method is-config="true" signature="afterTest()[pri:0, instance:com.atmecs.yatra.testscript.YatraCruiseTest@78dd667e]" started-at="2020-12-14T18:34:26 IST" name="afterTest" finished-at="2020-12-14T18:34:29 IST" duration-ms="3525" status="PASS">
          <reporter-output>
          </reporter-output>
        </test-method> <!-- afterTest -->
        <test-method is-config="true" signature="beforeMethod(java.lang.String)[pri:0, instance:com.atmecs.yatra.testscript.YatraCruiseTest@78dd667e]" started-at="2020-12-14T18:34:29 IST" name="beforeMethod" finished-at="2020-12-14T18:34:47 IST" duration-ms="17706" status="PASS">
          <params>
            <param index="0">
              <value>
                <![CDATA[firefox]]>
              </value>
            </param>
          </params>
          <reporter-output>
          </reporter-output>
        </test-method> <!-- beforeMethod -->
        <test-method signature="cruiseTest(java.lang.String, java.lang.String, java.lang.String, java.lang.String)[pri:0, instance:com.atmecs.yatra.testscript.YatraCruiseTest@78dd667e]" started-at="2020-12-14T18:34:47 IST" name="cruiseTest" data-provider="testData" finished-at="2020-12-14T18:34:47 IST" duration-ms="61" status="FAIL">
          <params>
            <param index="0">
              <value>
                <![CDATA[Carribean Eastern]]>
              </value>
            </param>
            <param index="1">
              <value>
                <![CDATA[01-Mar-2022]]>
              </value>
            </param>
            <param index="2">
              <value>
                <![CDATA[14 and more night(s)]]>
              </value>
            </param>
            <param index="3">
              <value>
                <![CDATA[Holland America]]>
              </value>
            </param>
          </params>
          <exception class="org.openqa.selenium.ElementClickInterceptedException">
            <message>
              <![CDATA[Element <li class="list-more-tab"> is not clickable at point (730,59) because another element <iframe id="webklipper-publisher-widget-container-notification-frame" name="notification-frame-~55870753"> obscures it
Build info: version: '3.141.59', revision: 'e82be7d358', time: '2018-11-14T08:17:03'
System info: host: 'ATMECSINLT-601', ip: '192.168.163.1', os.name: 'Windows 10', os.arch: 'amd64', os.version: '10.0', java.version: '14.0.1'
Driver info: org.openqa.selenium.firefox.FirefoxDriver
Capabilities {acceptInsecureCerts: true, browserName: firefox, browserVersion: 83.0, javascriptEnabled: true, moz:accessibilityChecks: false, moz:buildID: 20201112153044, moz:geckodriverVersion: 0.28.0, moz:headless: false, moz:processID: 3380, moz:profile: C:\Users\alfin.anthonyraj\A..., moz:shutdownTimeout: 60000, moz:useNonSpecCompliantPointerOrigin: false, moz:webdriverClick: true, pageLoadStrategy: normal, platform: WINDOWS, platformName: WINDOWS, platformVersion: 10.0, rotatable: false, setWindowRect: true, strictFileInteractability: false, timeouts: {implicit: 0, pageLoad: 300000, script: 30000}, unhandledPromptBehavior: dismiss and notify}
Session ID: 71b3023b-4975-4698-aa1e-94552403bef7]]>
            </message>
            <full-stacktrace>
              <![CDATA[org.openqa.selenium.ElementClickInterceptedException: Element <li class="list-more-tab"> is not clickable at point (730,59) because another element <iframe id="webklipper-publisher-widget-container-notification-frame" name="notification-frame-~55870753"> obscures it
Build info: version: '3.141.59', revision: 'e82be7d358', time: '2018-11-14T08:17:03'
System info: host: 'ATMECSINLT-601', ip: '192.168.163.1', os.name: 'Windows 10', os.arch: 'amd64', os.version: '10.0', java.version: '14.0.1'
Driver info: org.openqa.selenium.firefox.FirefoxDriver
Capabilities {acceptInsecureCerts: true, browserName: firefox, browserVersion: 83.0, javascriptEnabled: true, moz:accessibilityChecks: false, moz:buildID: 20201112153044, moz:geckodriverVersion: 0.28.0, moz:headless: false, moz:processID: 3380, moz:profile: C:\Users\alfin.anthonyraj\A..., moz:shutdownTimeout: 60000, moz:useNonSpecCompliantPointerOrigin: false, moz:webdriverClick: true, pageLoadStrategy: normal, platform: WINDOWS, platformName: WINDOWS, platformVersion: 10.0, rotatable: false, setWindowRect: true, strictFileInteractability: false, timeouts: {implicit: 0, pageLoad: 300000, script: 30000}, unhandledPromptBehavior: dismiss and notify}
Session ID: 71b3023b-4975-4698-aa1e-94552403bef7
at java.base/jdk.internal.reflect.NativeConstructorAccessorImpl.newInstance0(Native Method)
at java.base/jdk.internal.reflect.NativeConstructorAccessorImpl.newInstance(NativeConstructorAccessorImpl.java:62)
at java.base/jdk.internal.reflect.DelegatingConstructorAccessorImpl.newInstance(DelegatingConstructorAccessorImpl.java:45)
at java.base/java.lang.reflect.Constructor.newInstanceWithCaller(Constructor.java:500)
at java.base/java.lang.reflect.Constructor.newInstance(Constructor.java:481)
at org.openqa.selenium.remote.http.W3CHttpResponseCodec.createException(W3CHttpResponseCodec.java:187)
at org.openqa.selenium.remote.http.W3CHttpResponseCodec.decode(W3CHttpResponseCodec.java:122)
at org.openqa.selenium.remote.http.W3CHttpResponseCodec.decode(W3CHttpResponseCodec.java:49)
at org.openqa.selenium.remote.HttpCommandExecutor.execute(HttpCommandExecutor.java:158)
at org.openqa.selenium.remote.service.DriverCommandExecutor.execute(DriverCommandExecutor.java:83)
at org.openqa.selenium.remote.RemoteWebDriver.execute(RemoteWebDriver.java:552)
at org.openqa.selenium.remote.RemoteWebElement.execute(RemoteWebElement.java:285)
at org.openqa.selenium.remote.RemoteWebElement.click(RemoteWebElement.java:84)
at com.atmecs.yatra.methods.YatraCruiseMethods.clickMoreLink(YatraCruiseMethods.java:24)
at com.atmecs.yatra.page.YatraCruisePage.cruisePage(YatraCruisePage.java:37)
at com.atmecs.yatra.testscript.YatraCruiseTest.cruiseTest(YatraCruiseTest.java:16)
at java.base/jdk.internal.reflect.NativeMethodAccessorImpl.invoke0(Native Method)
at java.base/jdk.internal.reflect.NativeMethodAccessorImpl.invoke(NativeMethodAccessorImpl.java:62)
at java.base/jdk.internal.reflect.DelegatingMethodAccessorImpl.invoke(DelegatingMethodAccessorImpl.java:43)
at java.base/java.lang.reflect.Method.invoke(Method.java:564)
at org.testng.internal.MethodInvocationHelper.invokeMethod(MethodInvocationHelper.java:132)
at org.testng.internal.TestInvoker.invokeMethod(TestInvoker.java:599)
at org.testng.internal.TestInvoker.invokeTestMethod(TestInvoker.java:174)
at org.testng.internal.MethodRunner.runInSequence(MethodRunner.java:46)
at org.testng.internal.TestInvoker$MethodInvocationAgent.invoke(TestInvoker.java:822)
at org.testng.internal.TestInvoker.invokeTestMethods(TestInvoker.java:147)
at org.testng.internal.TestMethodWorker.invokeTestMethods(TestMethodWorker.java:146)
at org.testng.internal.TestMethodWorker.run(TestMethodWorker.java:128)
at java.base/java.util.ArrayList.forEach(ArrayList.java:1510)
at org.testng.TestRunner.privateRun(TestRunner.java:764)
at org.testng.TestRunner.run(TestRunner.java:585)
at org.testng.SuiteRunner.runTest(SuiteRunner.java:384)
at org.testng.SuiteRunner.access$000(SuiteRunner.java:28)
at org.testng.SuiteRunner$SuiteWorker.run(SuiteRunner.java:425)
at org.testng.internal.thread.ThreadUtil.lambda$execute$0(ThreadUtil.java:66)
at java.base/java.util.concurrent.FutureTask.run(FutureTask.java:264)
at java.base/java.util.concurrent.ThreadPoolExecutor.runWorker(ThreadPoolExecutor.java:1130)
at java.base/java.util.concurrent.ThreadPoolExecutor$Worker.run(ThreadPoolExecutor.java:630)
at java.base/java.lang.Thread.run(Thread.java:832)
]]>
            </full-stacktrace>
          </exception> <!-- org.openqa.selenium.ElementClickInterceptedException -->
          <reporter-output>
          </reporter-output>
        </test-method> <!-- cruiseTest -->
        <test-method is-config="true" signature="afterTest()[pri:0, instance:com.atmecs.yatra.testscript.YatraCruiseTest@78dd667e]" started-at="2020-12-14T18:34:48 IST" name="afterTest" finished-at="2020-12-14T18:34:52 IST" duration-ms="4090" status="PASS">
          <reporter-output>
          </reporter-output>
        </test-method> <!-- afterTest -->
      </class> <!-- com.atmecs.yatra.testscript.YatraCruiseTest -->
      <class name="com.atmecs.yatra.testscript.YatraMonumentsTest">
        <test-method is-config="true" signature="beforeMethod(java.lang.String)[pri:0, instance:com.atmecs.yatra.testscript.YatraMonumentsTest@10db82ae]" started-at="2020-12-14T18:34:52 IST" name="beforeMethod" finished-at="2020-12-14T18:35:05 IST" duration-ms="12786" status="PASS">
          <params>
            <param index="0">
              <value>
                <![CDATA[firefox]]>
              </value>
            </param>
          </params>
          <reporter-output>
          </reporter-output>
        </test-method> <!-- beforeMethod -->
        <test-method signature="yatraMonuments()[pri:0, instance:com.atmecs.yatra.testscript.YatraMonumentsTest@10db82ae]" started-at="2020-12-14T18:35:05 IST" name="yatraMonuments" finished-at="2020-12-14T18:35:06 IST" duration-ms="788" status="PASS">
          <reporter-output>
          </reporter-output>
        </test-method> <!-- yatraMonuments -->
        <test-method is-config="true" signature="afterTest()[pri:0, instance:com.atmecs.yatra.testscript.YatraMonumentsTest@10db82ae]" started-at="2020-12-14T18:35:06 IST" name="afterTest" finished-at="2020-12-14T18:35:11 IST" duration-ms="4990" status="PASS">
          <reporter-output>
          </reporter-output>
        </test-method> <!-- afterTest -->
      </class> <!-- com.atmecs.yatra.testscript.YatraMonumentsTest -->
    </test> <!-- FirefoxTest -->
  </suite> <!-- Suite -->
</testng-results>
