<?xml version="1.0" encoding="UTF-8"?>
<testng-results skipped="0" failed="1" ignored="2" total="14" passed="11">
  <reporter-output>
  </reporter-output>
  <suite name="Suite" duration-ms="149510" started-at="2020-12-14T18:49:18 IST" finished-at="2020-12-14T18:51:48 IST">
    <groups>
    </groups>
    <test name="ChromeTest" duration-ms="127502" started-at="2020-12-14T18:49:18 IST" finished-at="2020-12-14T18:51:26 IST">
      <class name="com.atmecs.yatra.testscript.YatraCruiseTest">
        <test-method status="PASS" signature="initBrowser()[pri:0, instance:com.atmecs.yatra.testscript.YatraCruiseTest@3108bc]" name="initBrowser" is-config="true" duration-ms="13635" started-at="2020-12-14T18:49:18 IST" finished-at="2020-12-14T18:49:32 IST">
          <reporter-output>
          </reporter-output>
        </test-method> <!-- initBrowser -->
        <test-method status="PASS" signature="beforeMethod(java.lang.String)[pri:0, instance:com.atmecs.yatra.testscript.YatraCruiseTest@3108bc]" name="beforeMethod" is-config="true" duration-ms="14074" started-at="2020-12-14T18:49:33 IST" finished-at="2020-12-14T18:49:47 IST">
          <params>
            <param index="0">
              <value>
                <![CDATA[chrome]]>
              </value>
            </param>
          </params>
          <reporter-output>
          </reporter-output>
        </test-method> <!-- beforeMethod -->
        <test-method status="PASS" signature="cruiseTest(java.lang.String, java.lang.String, java.lang.String, java.lang.String)[pri:0, instance:com.atmecs.yatra.testscript.YatraCruiseTest@3108bc]" name="cruiseTest" duration-ms="3994" started-at="2020-12-14T18:49:47 IST" data-provider="testData" finished-at="2020-12-14T18:49:51 IST">
          <params>
            <param index="0">
              <value>
                <![CDATA[Australia]]>
              </value>
            </param>
            <param index="1">
              <value>
                <![CDATA[03-Jan-2021]]>
              </value>
            </param>
            <param index="2">
              <value>
                <![CDATA[7 To 9 night(s)]]>
              </value>
            </param>
            <param index="3">
              <value>
                <![CDATA[Carnival Cruise Lines]]>
              </value>
            </param>
          </params>
          <reporter-output>
          </reporter-output>
        </test-method> <!-- cruiseTest -->
        <test-method status="PASS" signature="afterTest()[pri:0, instance:com.atmecs.yatra.testscript.YatraCruiseTest@3108bc]" name="afterTest" is-config="true" duration-ms="1841" started-at="2020-12-14T18:49:51 IST" finished-at="2020-12-14T18:49:53 IST">
          <reporter-output>
          </reporter-output>
        </test-method> <!-- afterTest -->
        <test-method status="PASS" signature="beforeMethod(java.lang.String)[pri:0, instance:com.atmecs.yatra.testscript.YatraCruiseTest@3108bc]" name="beforeMethod" is-config="true" duration-ms="14544" started-at="2020-12-14T18:49:53 IST" finished-at="2020-12-14T18:50:08 IST">
          <params>
            <param index="0">
              <value>
                <![CDATA[chrome]]>
              </value>
            </param>
          </params>
          <reporter-output>
          </reporter-output>
        </test-method> <!-- beforeMethod -->
        <test-method status="PASS" signature="cruiseTest(java.lang.String, java.lang.String, java.lang.String, java.lang.String)[pri:0, instance:com.atmecs.yatra.testscript.YatraCruiseTest@3108bc]" name="cruiseTest" duration-ms="4175" started-at="2020-12-14T18:50:08 IST" data-provider="testData" finished-at="2020-12-14T18:50:12 IST">
          <params>
            <param index="0">
              <value>
                <![CDATA[Australasia]]>
              </value>
            </param>
            <param index="1">
              <value>
                <![CDATA[06-Oct-2021]]>
              </value>
            </param>
            <param index="2">
              <value>
                <![CDATA[1 To 3 night(s)]]>
              </value>
            </param>
            <param index="3">
              <value>
                <![CDATA[Princess]]>
              </value>
            </param>
          </params>
          <reporter-output>
          </reporter-output>
        </test-method> <!-- cruiseTest -->
        <test-method status="PASS" signature="afterTest()[pri:0, instance:com.atmecs.yatra.testscript.YatraCruiseTest@3108bc]" name="afterTest" is-config="true" duration-ms="699" started-at="2020-12-14T18:50:12 IST" finished-at="2020-12-14T18:50:13 IST">
          <reporter-output>
          </reporter-output>
        </test-method> <!-- afterTest -->
        <test-method status="PASS" signature="beforeMethod(java.lang.String)[pri:0, instance:com.atmecs.yatra.testscript.YatraCruiseTest@3108bc]" name="beforeMethod" is-config="true" duration-ms="10190" started-at="2020-12-14T18:50:13 IST" finished-at="2020-12-14T18:50:23 IST">
          <params>
            <param index="0">
              <value>
                <![CDATA[chrome]]>
              </value>
            </param>
          </params>
          <reporter-output>
          </reporter-output>
        </test-method> <!-- beforeMethod -->
        <test-method status="PASS" signature="cruiseTest(java.lang.String, java.lang.String, java.lang.String, java.lang.String)[pri:0, instance:com.atmecs.yatra.testscript.YatraCruiseTest@3108bc]" name="cruiseTest" duration-ms="6446" started-at="2020-12-14T18:50:23 IST" data-provider="testData" finished-at="2020-12-14T18:50:29 IST">
          <params>
            <param index="0">
              <value>
                <![CDATA[Carribean]]>
              </value>
            </param>
            <param index="1">
              <value>
                <![CDATA[04-Nov-2021]]>
              </value>
            </param>
            <param index="2">
              <value>
                <![CDATA[7 To 9 night(s)]]>
              </value>
            </param>
            <param index="3">
              <value>
                <![CDATA[MSC Cruises]]>
              </value>
            </param>
          </params>
          <reporter-output>
          </reporter-output>
        </test-method> <!-- cruiseTest -->
        <test-method status="PASS" signature="afterTest()[pri:0, instance:com.atmecs.yatra.testscript.YatraCruiseTest@3108bc]" name="afterTest" is-config="true" duration-ms="473" started-at="2020-12-14T18:50:29 IST" finished-at="2020-12-14T18:50:30 IST">
          <reporter-output>
          </reporter-output>
        </test-method> <!-- afterTest -->
        <test-method status="PASS" signature="beforeMethod(java.lang.String)[pri:0, instance:com.atmecs.yatra.testscript.YatraCruiseTest@3108bc]" name="beforeMethod" is-config="true" duration-ms="8993" started-at="2020-12-14T18:50:30 IST" finished-at="2020-12-14T18:50:39 IST">
          <params>
            <param index="0">
              <value>
                <![CDATA[chrome]]>
              </value>
            </param>
          </params>
          <reporter-output>
          </reporter-output>
        </test-method> <!-- beforeMethod -->
        <test-method status="PASS" signature="cruiseTest(java.lang.String, java.lang.String, java.lang.String, java.lang.String)[pri:0, instance:com.atmecs.yatra.testscript.YatraCruiseTest@3108bc]" name="cruiseTest" duration-ms="4330" started-at="2020-12-14T18:50:39 IST" data-provider="testData" finished-at="2020-12-14T18:50:43 IST">
          <params>
            <param index="0">
              <value>
                <![CDATA[Pacific Coastal ]]>
              </value>
            </param>
            <param index="1">
              <value>
                <![CDATA[01-Jan-2022]]>
              </value>
            </param>
            <param index="2">
              <value>
                <![CDATA[1 To 3 night(s)]]>
              </value>
            </param>
            <param index="3">
              <value>
                <![CDATA[Princess]]>
              </value>
            </param>
          </params>
          <reporter-output>
          </reporter-output>
        </test-method> <!-- cruiseTest -->
        <test-method status="PASS" signature="afterTest()[pri:0, instance:com.atmecs.yatra.testscript.YatraCruiseTest@3108bc]" name="afterTest" is-config="true" duration-ms="2613" started-at="2020-12-14T18:50:43 IST" finished-at="2020-12-14T18:50:46 IST">
          <reporter-output>
          </reporter-output>
        </test-method> <!-- afterTest -->
        <test-method status="PASS" signature="beforeMethod(java.lang.String)[pri:0, instance:com.atmecs.yatra.testscript.YatraCruiseTest@3108bc]" name="beforeMethod" is-config="true" duration-ms="15476" started-at="2020-12-14T18:50:46 IST" finished-at="2020-12-14T18:51:01 IST">
          <params>
            <param index="0">
              <value>
                <![CDATA[chrome]]>
              </value>
            </param>
          </params>
          <reporter-output>
          </reporter-output>
        </test-method> <!-- beforeMethod -->
        <test-method status="PASS" signature="cruiseTest(java.lang.String, java.lang.String, java.lang.String, java.lang.String)[pri:0, instance:com.atmecs.yatra.testscript.YatraCruiseTest@3108bc]" name="cruiseTest" duration-ms="5058" started-at="2020-12-14T18:51:01 IST" data-provider="testData" finished-at="2020-12-14T18:51:06 IST">
          <params>
            <param index="0">
              <value>
                <![CDATA[Carribean Eastern]]>
              </value>
            </param>
            <param index="1">
              <value>
                <![CDATA[01-Mar-2022]]>
              </value>
            </param>
            <param index="2">
              <value>
                <![CDATA[14 and more night(s)]]>
              </value>
            </param>
            <param index="3">
              <value>
                <![CDATA[Holland America]]>
              </value>
            </param>
          </params>
          <reporter-output>
          </reporter-output>
        </test-method> <!-- cruiseTest -->
        <test-method status="PASS" signature="afterTest()[pri:0, instance:com.atmecs.yatra.testscript.YatraCruiseTest@3108bc]" name="afterTest" is-config="true" duration-ms="360" started-at="2020-12-14T18:51:06 IST" finished-at="2020-12-14T18:51:07 IST">
          <reporter-output>
          </reporter-output>
        </test-method> <!-- afterTest -->
      </class> <!-- com.atmecs.yatra.testscript.YatraCruiseTest -->
      <class name="com.atmecs.yatra.testscript.YatraMonumentsTest">
        <test-method status="PASS" signature="beforeMethod(java.lang.String)[pri:0, instance:com.atmecs.yatra.testscript.YatraMonumentsTest@370736d9]" name="beforeMethod" is-config="true" duration-ms="15386" started-at="2020-12-14T18:51:07 IST" finished-at="2020-12-14T18:51:22 IST">
          <params>
            <param index="0">
              <value>
                <![CDATA[chrome]]>
              </value>
            </param>
          </params>
          <reporter-output>
          </reporter-output>
        </test-method> <!-- beforeMethod -->
        <test-method status="PASS" signature="yatraMonuments()[pri:0, instance:com.atmecs.yatra.testscript.YatraMonumentsTest@370736d9]" name="yatraMonuments" duration-ms="1099" started-at="2020-12-14T18:51:22 IST" finished-at="2020-12-14T18:51:23 IST">
          <reporter-output>
          </reporter-output>
        </test-method> <!-- yatraMonuments -->
        <test-method status="PASS" signature="afterTest()[pri:0, instance:com.atmecs.yatra.testscript.YatraMonumentsTest@370736d9]" name="afterTest" is-config="true" duration-ms="2512" started-at="2020-12-14T18:51:23 IST" finished-at="2020-12-14T18:51:26 IST">
          <reporter-output>
          </reporter-output>
        </test-method> <!-- afterTest -->
      </class> <!-- com.atmecs.yatra.testscript.YatraMonumentsTest -->
    </test> <!-- ChromeTest -->
    <test name="FirefoxTest" duration-ms="149510" started-at="2020-12-14T18:49:18 IST" finished-at="2020-12-14T18:51:48 IST">
      <class name="com.atmecs.yatra.testscript.YatraCruiseTest">
        <test-method status="PASS" signature="initBrowser()[pri:0, instance:com.atmecs.yatra.testscript.YatraCruiseTest@23e028a9]" name="initBrowser" is-config="true" duration-ms="13636" started-at="2020-12-14T18:49:18 IST" finished-at="2020-12-14T18:49:32 IST">
          <reporter-output>
          </reporter-output>
        </test-method> <!-- initBrowser -->
        <test-method status="PASS" signature="beforeMethod(java.lang.String)[pri:0, instance:com.atmecs.yatra.testscript.YatraCruiseTest@23e028a9]" name="beforeMethod" is-config="true" duration-ms="11646" started-at="2020-12-14T18:49:33 IST" finished-at="2020-12-14T18:49:45 IST">
          <params>
            <param index="0">
              <value>
                <![CDATA[firefox]]>
              </value>
            </param>
          </params>
          <reporter-output>
          </reporter-output>
        </test-method> <!-- beforeMethod -->
        <test-method status="PASS" signature="cruiseTest(java.lang.String, java.lang.String, java.lang.String, java.lang.String)[pri:0, instance:com.atmecs.yatra.testscript.YatraCruiseTest@23e028a9]" name="cruiseTest" duration-ms="6552" started-at="2020-12-14T18:49:45 IST" data-provider="testData" finished-at="2020-12-14T18:49:52 IST">
          <params>
            <param index="0">
              <value>
                <![CDATA[Australia]]>
              </value>
            </param>
            <param index="1">
              <value>
                <![CDATA[03-Jan-2021]]>
              </value>
            </param>
            <param index="2">
              <value>
                <![CDATA[7 To 9 night(s)]]>
              </value>
            </param>
            <param index="3">
              <value>
                <![CDATA[Carnival Cruise Lines]]>
              </value>
            </param>
          </params>
          <reporter-output>
          </reporter-output>
        </test-method> <!-- cruiseTest -->
        <test-method status="PASS" signature="afterTest()[pri:0, instance:com.atmecs.yatra.testscript.YatraCruiseTest@23e028a9]" name="afterTest" is-config="true" duration-ms="5574" started-at="2020-12-14T18:49:52 IST" finished-at="2020-12-14T18:49:57 IST">
          <reporter-output>
          </reporter-output>
        </test-method> <!-- afterTest -->
        <test-method status="PASS" signature="beforeMethod(java.lang.String)[pri:0, instance:com.atmecs.yatra.testscript.YatraCruiseTest@23e028a9]" name="beforeMethod" is-config="true" duration-ms="11142" started-at="2020-12-14T18:49:57 IST" finished-at="2020-12-14T18:50:08 IST">
          <params>
            <param index="0">
              <value>
                <![CDATA[firefox]]>
              </value>
            </param>
          </params>
          <reporter-output>
          </reporter-output>
        </test-method> <!-- beforeMethod -->
        <test-method status="PASS" signature="cruiseTest(java.lang.String, java.lang.String, java.lang.String, java.lang.String)[pri:0, instance:com.atmecs.yatra.testscript.YatraCruiseTest@23e028a9]" name="cruiseTest" duration-ms="7313" started-at="2020-12-14T18:50:08 IST" data-provider="testData" finished-at="2020-12-14T18:50:16 IST">
          <params>
            <param index="0">
              <value>
                <![CDATA[Australasia]]>
              </value>
            </param>
            <param index="1">
              <value>
                <![CDATA[06-Oct-2021]]>
              </value>
            </param>
            <param index="2">
              <value>
                <![CDATA[1 To 3 night(s)]]>
              </value>
            </param>
            <param index="3">
              <value>
                <![CDATA[Princess]]>
              </value>
            </param>
          </params>
          <reporter-output>
          </reporter-output>
        </test-method> <!-- cruiseTest -->
        <test-method status="PASS" signature="afterTest()[pri:0, instance:com.atmecs.yatra.testscript.YatraCruiseTest@23e028a9]" name="afterTest" is-config="true" duration-ms="3425" started-at="2020-12-14T18:50:16 IST" finished-at="2020-12-14T18:50:19 IST">
          <reporter-output>
          </reporter-output>
        </test-method> <!-- afterTest -->
        <test-method status="PASS" signature="beforeMethod(java.lang.String)[pri:0, instance:com.atmecs.yatra.testscript.YatraCruiseTest@23e028a9]" name="beforeMethod" is-config="true" duration-ms="9960" started-at="2020-12-14T18:50:19 IST" finished-at="2020-12-14T18:50:29 IST">
          <params>
            <param index="0">
              <value>
                <![CDATA[firefox]]>
              </value>
            </param>
          </params>
          <reporter-output>
          </reporter-output>
        </test-method> <!-- beforeMethod -->
        <test-method status="PASS" signature="cruiseTest(java.lang.String, java.lang.String, java.lang.String, java.lang.String)[pri:0, instance:com.atmecs.yatra.testscript.YatraCruiseTest@23e028a9]" name="cruiseTest" duration-ms="6712" started-at="2020-12-14T18:50:29 IST" data-provider="testData" finished-at="2020-12-14T18:50:36 IST">
          <params>
            <param index="0">
              <value>
                <![CDATA[Carribean]]>
              </value>
            </param>
            <param index="1">
              <value>
                <![CDATA[04-Nov-2021]]>
              </value>
            </param>
            <param index="2">
              <value>
                <![CDATA[7 To 9 night(s)]]>
              </value>
            </param>
            <param index="3">
              <value>
                <![CDATA[MSC Cruises]]>
              </value>
            </param>
          </params>
          <reporter-output>
          </reporter-output>
        </test-method> <!-- cruiseTest -->
        <test-method status="PASS" signature="afterTest()[pri:0, instance:com.atmecs.yatra.testscript.YatraCruiseTest@23e028a9]" name="afterTest" is-config="true" duration-ms="3059" started-at="2020-12-14T18:50:36 IST" finished-at="2020-12-14T18:50:39 IST">
          <reporter-output>
          </reporter-output>
        </test-method> <!-- afterTest -->
        <test-method status="PASS" signature="beforeMethod(java.lang.String)[pri:0, instance:com.atmecs.yatra.testscript.YatraCruiseTest@23e028a9]" name="beforeMethod" is-config="true" duration-ms="11648" started-at="2020-12-14T18:50:39 IST" finished-at="2020-12-14T18:50:50 IST">
          <params>
            <param index="0">
              <value>
                <![CDATA[firefox]]>
              </value>
            </param>
          </params>
          <reporter-output>
          </reporter-output>
        </test-method> <!-- beforeMethod -->
        <test-method status="PASS" signature="cruiseTest(java.lang.String, java.lang.String, java.lang.String, java.lang.String)[pri:0, instance:com.atmecs.yatra.testscript.YatraCruiseTest@23e028a9]" name="cruiseTest" duration-ms="8750" started-at="2020-12-14T18:50:50 IST" data-provider="testData" finished-at="2020-12-14T18:50:59 IST">
          <params>
            <param index="0">
              <value>
                <![CDATA[Pacific Coastal ]]>
              </value>
            </param>
            <param index="1">
              <value>
                <![CDATA[01-Jan-2022]]>
              </value>
            </param>
            <param index="2">
              <value>
                <![CDATA[1 To 3 night(s)]]>
              </value>
            </param>
            <param index="3">
              <value>
                <![CDATA[Princess]]>
              </value>
            </param>
          </params>
          <reporter-output>
          </reporter-output>
        </test-method> <!-- cruiseTest -->
        <test-method status="PASS" signature="afterTest()[pri:0, instance:com.atmecs.yatra.testscript.YatraCruiseTest@23e028a9]" name="afterTest" is-config="true" duration-ms="5791" started-at="2020-12-14T18:50:59 IST" finished-at="2020-12-14T18:51:05 IST">
          <reporter-output>
          </reporter-output>
        </test-method> <!-- afterTest -->
        <test-method status="PASS" signature="beforeMethod(java.lang.String)[pri:0, instance:com.atmecs.yatra.testscript.YatraCruiseTest@23e028a9]" name="beforeMethod" is-config="true" duration-ms="12655" started-at="2020-12-14T18:51:05 IST" finished-at="2020-12-14T18:51:18 IST">
          <params>
            <param index="0">
              <value>
                <![CDATA[firefox]]>
              </value>
            </param>
          </params>
          <reporter-output>
          </reporter-output>
        </test-method> <!-- beforeMethod -->
        <test-method status="PASS" signature="cruiseTest(java.lang.String, java.lang.String, java.lang.String, java.lang.String)[pri:0, instance:com.atmecs.yatra.testscript.YatraCruiseTest@23e028a9]" name="cruiseTest" duration-ms="8259" started-at="2020-12-14T18:51:18 IST" data-provider="testData" finished-at="2020-12-14T18:51:26 IST">
          <params>
            <param index="0">
              <value>
                <![CDATA[Carribean Eastern]]>
              </value>
            </param>
            <param index="1">
              <value>
                <![CDATA[01-Mar-2022]]>
              </value>
            </param>
            <param index="2">
              <value>
                <![CDATA[14 and more night(s)]]>
              </value>
            </param>
            <param index="3">
              <value>
                <![CDATA[Holland America]]>
              </value>
            </param>
          </params>
          <reporter-output>
          </reporter-output>
        </test-method> <!-- cruiseTest -->
        <test-method status="PASS" signature="afterTest()[pri:0, instance:com.atmecs.yatra.testscript.YatraCruiseTest@23e028a9]" name="afterTest" is-config="true" duration-ms="4996" started-at="2020-12-14T18:51:26 IST" finished-at="2020-12-14T18:51:31 IST">
          <reporter-output>
          </reporter-output>
        </test-method> <!-- afterTest -->
      </class> <!-- com.atmecs.yatra.testscript.YatraCruiseTest -->
      <class name="com.atmecs.yatra.testscript.YatraMonumentsTest">
        <test-method status="PASS" signature="beforeMethod(java.lang.String)[pri:0, instance:com.atmecs.yatra.testscript.YatraMonumentsTest@3dd4520b]" name="beforeMethod" is-config="true" duration-ms="11667" started-at="2020-12-14T18:51:31 IST" finished-at="2020-12-14T18:51:43 IST">
          <params>
            <param index="0">
              <value>
                <![CDATA[firefox]]>
              </value>
            </param>
          </params>
          <reporter-output>
          </reporter-output>
        </test-method> <!-- beforeMethod -->
        <test-method status="FAIL" signature="yatraMonuments()[pri:0, instance:com.atmecs.yatra.testscript.YatraMonumentsTest@3dd4520b]" name="yatraMonuments" duration-ms="534" started-at="2020-12-14T18:51:43 IST" finished-at="2020-12-14T18:51:43 IST">
          <exception class="org.openqa.selenium.ElementNotInteractableException">
            <message>
              <![CDATA[Element <a id="booking_engine_monument" class="relative" href="javascript:void(0);"> could not be scrolled into view
Build info: version: '3.141.59', revision: 'e82be7d358', time: '2018-11-14T08:17:03'
System info: host: 'ATMECSINLT-601', ip: '192.168.163.1', os.name: 'Windows 10', os.arch: 'amd64', os.version: '10.0', java.version: '1.8.0_271'
Driver info: org.openqa.selenium.firefox.FirefoxDriver
Capabilities {acceptInsecureCerts: true, browserName: firefox, browserVersion: 83.0, javascriptEnabled: true, moz:accessibilityChecks: false, moz:buildID: 20201112153044, moz:geckodriverVersion: 0.28.0, moz:headless: false, moz:processID: 26100, moz:profile: C:\Users\alfin.anthonyraj\A..., moz:shutdownTimeout: 60000, moz:useNonSpecCompliantPointerOrigin: false, moz:webdriverClick: true, pageLoadStrategy: normal, platform: WINDOWS, platformName: WINDOWS, platformVersion: 10.0, rotatable: false, setWindowRect: true, strictFileInteractability: false, timeouts: {implicit: 0, pageLoad: 300000, script: 30000}, unhandledPromptBehavior: dismiss and notify}
Session ID: 3869415f-bc60-4205-9e01-dde23abd9b59]]>
            </message>
            <full-stacktrace>
              <![CDATA[org.openqa.selenium.ElementNotInteractableException: Element <a id="booking_engine_monument" class="relative" href="javascript:void(0);"> could not be scrolled into view
Build info: version: '3.141.59', revision: 'e82be7d358', time: '2018-11-14T08:17:03'
System info: host: 'ATMECSINLT-601', ip: '192.168.163.1', os.name: 'Windows 10', os.arch: 'amd64', os.version: '10.0', java.version: '1.8.0_271'
Driver info: org.openqa.selenium.firefox.FirefoxDriver
Capabilities {acceptInsecureCerts: true, browserName: firefox, browserVersion: 83.0, javascriptEnabled: true, moz:accessibilityChecks: false, moz:buildID: 20201112153044, moz:geckodriverVersion: 0.28.0, moz:headless: false, moz:processID: 26100, moz:profile: C:\Users\alfin.anthonyraj\A..., moz:shutdownTimeout: 60000, moz:useNonSpecCompliantPointerOrigin: false, moz:webdriverClick: true, pageLoadStrategy: normal, platform: WINDOWS, platformName: WINDOWS, platformVersion: 10.0, rotatable: false, setWindowRect: true, strictFileInteractability: false, timeouts: {implicit: 0, pageLoad: 300000, script: 30000}, unhandledPromptBehavior: dismiss and notify}
Session ID: 3869415f-bc60-4205-9e01-dde23abd9b59
at sun.reflect.NativeConstructorAccessorImpl.newInstance0(Native Method)
at sun.reflect.NativeConstructorAccessorImpl.newInstance(NativeConstructorAccessorImpl.java:62)
at sun.reflect.DelegatingConstructorAccessorImpl.newInstance(DelegatingConstructorAccessorImpl.java:45)
at java.lang.reflect.Constructor.newInstance(Constructor.java:423)
at org.openqa.selenium.remote.http.W3CHttpResponseCodec.createException(W3CHttpResponseCodec.java:187)
at org.openqa.selenium.remote.http.W3CHttpResponseCodec.decode(W3CHttpResponseCodec.java:122)
at org.openqa.selenium.remote.http.W3CHttpResponseCodec.decode(W3CHttpResponseCodec.java:49)
at org.openqa.selenium.remote.HttpCommandExecutor.execute(HttpCommandExecutor.java:158)
at org.openqa.selenium.remote.service.DriverCommandExecutor.execute(DriverCommandExecutor.java:83)
at org.openqa.selenium.remote.RemoteWebDriver.execute(RemoteWebDriver.java:552)
at org.openqa.selenium.remote.RemoteWebElement.execute(RemoteWebElement.java:285)
at org.openqa.selenium.remote.RemoteWebElement.click(RemoteWebElement.java:84)
at com.atmecs.yatra.methods.YatraMonumentsMethods.clickMonumentTab(YatraMonumentsMethods.java:26)
at com.atmecs.yatra.page.YatraMonumentsPage.monumentsPage(YatraMonumentsPage.java:40)
at com.atmecs.yatra.testscript.YatraMonumentsTest.yatraMonuments(YatraMonumentsTest.java:15)
at sun.reflect.NativeMethodAccessorImpl.invoke0(Native Method)
at sun.reflect.NativeMethodAccessorImpl.invoke(NativeMethodAccessorImpl.java:62)
at sun.reflect.DelegatingMethodAccessorImpl.invoke(DelegatingMethodAccessorImpl.java:43)
at java.lang.reflect.Method.invoke(Method.java:498)
at org.testng.internal.MethodInvocationHelper.invokeMethod(MethodInvocationHelper.java:132)
at org.testng.internal.TestInvoker.invokeMethod(TestInvoker.java:599)
at org.testng.internal.TestInvoker.invokeTestMethod(TestInvoker.java:174)
at org.testng.internal.MethodRunner.runInSequence(MethodRunner.java:46)
at org.testng.internal.TestInvoker$MethodInvocationAgent.invoke(TestInvoker.java:822)
at org.testng.internal.TestInvoker.invokeTestMethods(TestInvoker.java:147)
at org.testng.internal.TestMethodWorker.invokeTestMethods(TestMethodWorker.java:146)
at org.testng.internal.TestMethodWorker.run(TestMethodWorker.java:128)
at java.util.ArrayList.forEach(ArrayList.java:1259)
at org.testng.TestRunner.privateRun(TestRunner.java:764)
at org.testng.TestRunner.run(TestRunner.java:585)
at org.testng.SuiteRunner.runTest(SuiteRunner.java:384)
at org.testng.SuiteRunner.access$000(SuiteRunner.java:28)
at org.testng.SuiteRunner$SuiteWorker.run(SuiteRunner.java:425)
at org.testng.internal.thread.ThreadUtil.lambda$execute$0(ThreadUtil.java:66)
at java.util.concurrent.FutureTask.run(FutureTask.java:266)
at java.util.concurrent.ThreadPoolExecutor.runWorker(ThreadPoolExecutor.java:1149)
at java.util.concurrent.ThreadPoolExecutor$Worker.run(ThreadPoolExecutor.java:624)
at java.lang.Thread.run(Thread.java:748)
]]>
            </full-stacktrace>
          </exception> <!-- org.openqa.selenium.ElementNotInteractableException -->
          <reporter-output>
          </reporter-output>
        </test-method> <!-- yatraMonuments -->
        <test-method status="PASS" signature="afterTest()[pri:0, instance:com.atmecs.yatra.testscript.YatraMonumentsTest@3dd4520b]" name="afterTest" is-config="true" duration-ms="4148" started-at="2020-12-14T18:51:44 IST" finished-at="2020-12-14T18:51:48 IST">
          <reporter-output>
          </reporter-output>
        </test-method> <!-- afterTest -->
      </class> <!-- com.atmecs.yatra.testscript.YatraMonumentsTest -->
    </test> <!-- FirefoxTest -->
  </suite> <!-- Suite -->
</testng-results>
