<?xml version="1.0" encoding="UTF-8"?>
<testng-results ignored="0" total="1" passed="1" failed="0" skipped="0">
  <reporter-output>
  </reporter-output>
  <suite started-at="2020-12-16T17:09:31 IST" name="Suite" finished-at="2020-12-16T17:10:21 IST" duration-ms="50295">
    <groups>
    </groups>
    <test started-at="2020-12-16T17:09:31 IST" name="ChromeTest" finished-at="2020-12-16T17:10:21 IST" duration-ms="50295">
      <class name="com.atmecs.yatra.testscript.YatraCruiseTest">
        <test-method is-config="true" signature="initBrowser()[pri:0, instance:com.atmecs.yatra.testscript.YatraCruiseTest@5e4c8041]" started-at="2020-12-16T17:09:31 IST" name="initBrowser" finished-at="2020-12-16T17:09:31 IST" duration-ms="159" status="PASS">
          <reporter-output>
          </reporter-output>
        </test-method> <!-- initBrowser -->
        <test-method is-config="true" signature="beforeMethod(java.lang.String)[pri:0, instance:com.atmecs.yatra.testscript.YatraCruiseTest@5e4c8041]" started-at="2020-12-16T17:09:31 IST" name="beforeMethod" finished-at="2020-12-16T17:09:41 IST" duration-ms="9882" status="PASS">
          <params>
            <param index="0">
              <value>
                <![CDATA[chrome]]>
              </value>
            </param>
          </params>
          <reporter-output>
          </reporter-output>
        </test-method> <!-- beforeMethod -->
        <test-method signature="cruiseTest()[pri:0, instance:com.atmecs.yatra.testscript.YatraCruiseTest@5e4c8041]" started-at="2020-12-16T17:09:41 IST" name="cruiseTest" finished-at="2020-12-16T17:10:20 IST" duration-ms="39395" status="PASS">
          <reporter-output>
          </reporter-output>
        </test-method> <!-- cruiseTest -->
        <test-method is-config="true" signature="afterMethod()[pri:0, instance:com.atmecs.yatra.testscript.YatraCruiseTest@5e4c8041]" started-at="2020-12-16T17:10:20 IST" name="afterMethod" finished-at="2020-12-16T17:10:20 IST" duration-ms="323" status="PASS">
          <reporter-output>
          </reporter-output>
        </test-method> <!-- afterMethod -->
        <test-method is-config="true" signature="closeReport()[pri:0, instance:com.atmecs.yatra.testscript.YatraCruiseTest@5e4c8041]" started-at="2020-12-16T17:10:20 IST" name="closeReport" finished-at="2020-12-16T17:10:21 IST" duration-ms="501" status="PASS">
          <reporter-output>
          </reporter-output>
        </test-method> <!-- closeReport -->
      </class> <!-- com.atmecs.yatra.testscript.YatraCruiseTest -->
    </test> <!-- ChromeTest -->
  </suite> <!-- Suite -->
</testng-results>
